# JRE version: Java(TM) SE Runtime Environment (8.0_45-b15) (build 1.8.0_45-b15)
# Java VM: Java HotSpot(TM) 64-Bit Server VM (25.45-b02 mixed mode windows-amd64 compressed oops)
Heap:
 PSYoungGen      total 105984K, used 44935K [0x00000000f5580000, 0x00000000fdc80000, 0x0000000100000000)
  eden space 75264K, 59% used [0x00000000f5580000,0x00000000f8161f40,0x00000000f9f00000)
  from space 30720K, 0% used [0x00000000f9f00000,0x00000000f9f00000,0x00000000fbd00000)
  to   space 30208K, 0% used [0x00000000fbf00000,0x00000000fbf00000,0x00000000fdc80000)
 ParOldGen       total 117248K, used 60291K [0x00000000e0000000, 0x00000000e7280000, 0x00000000f5580000)
  object space 117248K, 51% used [0x00000000e0000000,0x00000000e3ae0c48,0x00000000e7280000)
 Metaspace       used 86450K, capacity 93026K, committed 93312K, reserved 1130496K
  class space    used 10648K, capacity 12660K, committed 12672K, reserved 1048576K
GC Heap History (10 events):
Event: 77.426 GC heap before
{Heap before GC invocations=18 (full 3):
 PSYoungGen      total 102400K, used 46510K [0x00000000f5580000, 0x00000000fda00000, 0x0000000100000000)
  eden space 74240K, 33% used [0x00000000f5580000,0x00000000f6dc4930,0x00000000f9e00000)
  from space 28160K, 76% used [0x00000000fbb80000,0x00000000fd0a6fa0,0x00000000fd700000)
  to   space 30208K, 0% used [0x00000000f9e00000,0x00000000f9e00000,0x00000000fbb80000)
 ParOldGen       total 117248K, used 44729K [0x00000000e0000000, 0x00000000e7280000, 0x00000000f5580000)
  object space 117248K, 38% used [0x00000000e0000000,0x00000000e2bae770,0x00000000e7280000)
 Metaspace       used 81593K, capacity 87906K, committed 88192K, reserved 1126400K
  class space    used 10097K, capacity 12085K, committed 12160K, reserved 1048576K
Event: 77.438 GC heap after
Heap after GC invocations=18 (full 3):
 PSYoungGen      total 104448K, used 20825K [0x00000000f5580000, 0x00000000fdb00000, 0x0000000100000000)
  eden space 74240K, 0% used [0x00000000f5580000,0x00000000f5580000,0x00000000f9e00000)
  from space 30208K, 68% used [0x00000000f9e00000,0x00000000fb256710,0x00000000fbb80000)
  to   space 30720K, 0% used [0x00000000fbd00000,0x00000000fbd00000,0x00000000fdb00000)
 ParOldGen       total 117248K, used 44737K [0x00000000e0000000, 0x00000000e7280000, 0x00000000f5580000)
  object space 117248K, 38% used [0x00000000e0000000,0x00000000e2bb0770,0x00000000e7280000)
 Metaspace       used 81593K, capacity 87906K, committed 88192K, reserved 1126400K
  class space    used 10097K, capacity 12085K, committed 12160K, reserved 1048576K
}
Event: 77.438 GC heap before
{Heap before GC invocations=19 (full 4):
 PSYoungGen      total 104448K, used 20825K [0x00000000f5580000, 0x00000000fdb00000, 0x0000000100000000)
  eden space 74240K, 0% used [0x00000000f5580000,0x00000000f5580000,0x00000000f9e00000)
  from space 30208K, 68% used [0x00000000f9e00000,0x00000000fb256710,0x00000000fbb80000)
  to   space 30720K, 0% used [0x00000000fbd00000,0x00000000fbd00000,0x00000000fdb00000)
 ParOldGen       total 117248K, used 44737K [0x00000000e0000000, 0x00000000e7280000, 0x00000000f5580000)
  object space 117248K, 38% used [0x00000000e0000000,0x00000000e2bb0770,0x00000000e7280000)
 Metaspace       used 81593K, capacity 87906K, committed 88192K, reserved 1126400K
  class space    used 10097K, capacity 12085K, committed 12160K, reserved 1048576K
Event: 77.646 GC heap after
Heap after GC invocations=19 (full 4):
 PSYoungGen      total 104448K, used 0K [0x00000000f5580000, 0x00000000fdb00000, 0x0000000100000000)
  eden space 74240K, 0% used [0x00000000f5580000,0x00000000f5580000,0x00000000f9e00000)
  from space 30208K, 0% used [0x00000000f9e00000,0x00000000f9e00000,0x00000000fbb80000)
  to   space 30720K, 0% used [0x00000000fbd00000,0x00000000fbd00000,0x00000000fdb00000)
 ParOldGen       total 117248K, used 53338K [0x00000000e0000000, 0x00000000e7280000, 0x00000000f5580000)
  object space 117248K, 45% used [0x00000000e0000000,0x00000000e3416bc0,0x00000000e7280000)
 Metaspace       used 81593K, capacity 87906K, committed 88192K, reserved 1126400K
  class space    used 10097K, capacity 12085K, committed 12160K, reserved 1048576K
}
Event: 118.164 GC heap before
{Heap before GC invocations=20 (full 4):
 PSYoungGen      total 104448K, used 74240K [0x00000000f5580000, 0x00000000fdb00000, 0x0000000100000000)
  eden space 74240K, 100% used [0x00000000f5580000,0x00000000f9e00000,0x00000000f9e00000)
  from space 30208K, 0% used [0x00000000f9e00000,0x00000000f9e00000,0x00000000fbb80000)
  to   space 30720K, 0% used [0x00000000fbd00000,0x00000000fbd00000,0x00000000fdb00000)
 ParOldGen       total 117248K, used 53338K [0x00000000e0000000, 0x00000000e7280000, 0x00000000f5580000)
  object space 117248K, 45% used [0x00000000e0000000,0x00000000e3416bc0,0x00000000e7280000)
 Metaspace       used 84571K, capacity 90842K, committed 91136K, reserved 1128448K
  class space    used 10449K, capacity 12488K, committed 12544K, reserved 1048576K
Event: 118.173 GC heap after
Heap after GC invocations=20 (full 4):
 PSYoungGen      total 105984K, used 6047K [0x00000000f5580000, 0x00000000fdd80000, 0x0000000100000000)
  eden space 75264K, 0% used [0x00000000f5580000,0x00000000f5580000,0x00000000f9f00000)
  from space 30720K, 19% used [0x00000000fbd00000,0x00000000fc2e7d70,0x00000000fdb00000)
  to   space 30720K, 0% used [0x00000000f9f00000,0x00000000f9f00000,0x00000000fbd00000)
 ParOldGen       total 117248K, used 53346K [0x00000000e0000000, 0x00000000e7280000, 0x00000000f5580000)
  object space 117248K, 45% used [0x00000000e0000000,0x00000000e3418bc0,0x00000000e7280000)
 Metaspace       used 84571K, capacity 90842K, committed 91136K, reserved 1128448K
  class space    used 10449K, capacity 12488K, committed 12544K, reserved 1048576K
}
Event: 145.257 GC heap before
{Heap before GC invocations=21 (full 4):
 PSYoungGen      total 105984K, used 72103K [0x00000000f5580000, 0x00000000fdd80000, 0x0000000100000000)
  eden space 75264K, 87% used [0x00000000f5580000,0x00000000f96021d8,0x00000000f9f00000)
  from space 30720K, 19% used [0x00000000fbd00000,0x00000000fc2e7d70,0x00000000fdb00000)
  to   space 30720K, 0% used [0x00000000f9f00000,0x00000000f9f00000,0x00000000fbd00000)
 ParOldGen       total 117248K, used 53346K [0x00000000e0000000, 0x00000000e7280000, 0x00000000f5580000)
  object space 117248K, 45% used [0x00000000e0000000,0x00000000e3418bc0,0x00000000e7280000)
 Metaspace       used 85275K, capacity 91760K, committed 92032K, reserved 1128448K
  class space    used 10533K, capacity 12624K, committed 12672K, reserved 1048576K
Event: 145.266 GC heap after
Heap after GC invocations=21 (full 4):
 PSYoungGen      total 105984K, used 8605K [0x00000000f5580000, 0x00000000fdc80000, 0x0000000100000000)
  eden space 75264K, 0% used [0x00000000f5580000,0x00000000f5580000,0x00000000f9f00000)
  from space 30720K, 28% used [0x00000000f9f00000,0x00000000fa7676c0,0x00000000fbd00000)
  to   space 30208K, 0% used [0x00000000fbf00000,0x00000000fbf00000,0x00000000fdc80000)
 ParOldGen       total 117248K, used 53354K [0x00000000e0000000, 0x00000000e7280000, 0x00000000f5580000)
  object space 117248K, 45% used [0x00000000e0000000,0x00000000e341abc0,0x00000000e7280000)
 Metaspace       used 85275K, capacity 91760K, committed 92032K, reserved 1128448K
  class space    used 10533K, capacity 12624K, committed 12672K, reserved 1048576K
}
Event: 145.266 GC heap before
{Heap before GC invocations=22 (full 5):
 PSYoungGen      total 105984K, used 8605K [0x00000000f5580000, 0x00000000fdc80000, 0x0000000100000000)
  eden space 75264K, 0% used [0x00000000f5580000,0x00000000f5580000,0x00000000f9f00000)
  from space 30720K, 28% used [0x00000000f9f00000,0x00000000fa7676c0,0x00000000fbd00000)
  to   space 30208K, 0% used [0x00000000fbf00000,0x00000000fbf00000,0x00000000fdc80000)
 ParOldGen       total 117248K, used 53354K [0x00000000e0000000, 0x00000000e7280000, 0x00000000f5580000)
  object space 117248K, 45% used [0x00000000e0000000,0x00000000e341abc0,0x00000000e7280000)
 Metaspace       used 85275K, capacity 91760K, committed 92032K, reserved 1128448K
  class space    used 10533K, capacity 12624K, committed 12672K, reserved 1048576K
Event: 145.526 GC heap after
Heap after GC invocations=22 (full 5):
 PSYoungGen      total 105984K, used 0K [0x00000000f5580000, 0x00000000fdc80000, 0x0000000100000000)
  eden space 75264K, 0% used [0x00000000f5580000,0x00000000f5580000,0x00000000f9f00000)
  from space 30720K, 0% used [0x00000000f9f00000,0x00000000f9f00000,0x00000000fbd00000)
  to   space 30208K, 0% used [0x00000000fbf00000,0x00000000fbf00000,0x00000000fdc80000)
 ParOldGen       total 117248K, used 60291K [0x00000000e0000000, 0x00000000e7280000, 0x00000000f5580000)
  object space 117248K, 51% used [0x00000000e0000000,0x00000000e3ae0c48,0x00000000e7280000)
 Metaspace       used 85275K, capacity 91760K, committed 92032K, reserved 1128448K
  class space    used 10533K, capacity 12624K, committed 12672K, reserved 1048576K
}

